<?xml version="1.0" encoding="UTF-8"?>
<testng-results ignored="0" total="10" passed="10" failed="0" skipped="0">
  <reporter-output>
  </reporter-output>
  <suite started-at="2024-02-02T16:57:15 IST" name="Default suite" finished-at="2024-02-02T16:57:15 IST" duration-ms="373">
    <groups>
      <group name="cucumber">
        <method signature="AbstractTestNGCucumberTests.runScenario(io.cucumber.testng.PickleWrapper,io.cucumber.testng.FeatureWrapper)[pri:0, instance:testRunner.Runner@121314f7]" name="runScenario" class="io.cucumber.testng.AbstractTestNGCucumberTests"/>
      </group> <!-- cucumber -->
    </groups>
    <test started-at="2024-02-02T16:57:15 IST" name="Default test" finished-at="2024-02-02T16:57:15 IST" duration-ms="373">
      <class name="testRunner.Runner">
        <test-method is-config="true" signature="setUpClass(org.testng.ITestContext)[pri:0, instance:testRunner.Runner@121314f7]" started-at="2024-02-02T16:57:15 IST" name="setUpClass" finished-at="2024-02-02T16:57:15 IST" duration-ms="202" status="PASS">
          <params>
            <param index="0">
              <value>
                <![CDATA[org.testng.TestRunner@242aa8d9]]>
              </value>
            </param>
          </params>
          <reporter-output>
          </reporter-output>
        </test-method> <!-- setUpClass -->
        <test-method signature="runScenario(io.cucumber.testng.PickleWrapper,io.cucumber.testng.FeatureWrapper)[pri:0, instance:testRunner.Runner@121314f7]" started-at="2024-02-02T16:57:15 IST" name="runScenario" description="Runs Cucumber Scenarios" data-provider="scenarios" finished-at="2024-02-02T16:57:15 IST" duration-ms="73" status="PASS">
          <params>
            <param index="0">
              <value>
                <![CDATA["Login into gmail with valid credentials"]]>
              </value>
            </param>
            <param index="1">
              <value>
                <![CDATA["Login into gmail"]]>
              </value>
            </param>
          </params>
          <reporter-output>
          </reporter-output>
        </test-method> <!-- runScenario -->
        <test-method signature="runScenario(io.cucumber.testng.PickleWrapper,io.cucumber.testng.FeatureWrapper)[pri:0, instance:testRunner.Runner@121314f7]" started-at="2024-02-02T16:57:15 IST" name="runScenario" description="Runs Cucumber Scenarios" data-provider="scenarios" finished-at="2024-02-02T16:57:15 IST" duration-ms="5" status="PASS">
          <params>
            <param index="0">
              <value>
                <![CDATA["Login into gmail with Invalid credentials"]]>
              </value>
            </param>
            <param index="1">
              <value>
                <![CDATA["Login into gmail"]]>
              </value>
            </param>
          </params>
          <reporter-output>
          </reporter-output>
        </test-method> <!-- runScenario -->
        <test-method signature="runScenario(io.cucumber.testng.PickleWrapper,io.cucumber.testng.FeatureWrapper)[pri:0, instance:testRunner.Runner@121314f7]" started-at="2024-02-02T16:57:15 IST" name="runScenario" description="Runs Cucumber Scenarios" data-provider="scenarios" finished-at="2024-02-02T16:57:15 IST" duration-ms="8" status="PASS">
          <params>
            <param index="0">
              <value>
                <![CDATA["Login into gmail with valid credentials"]]>
              </value>
            </param>
            <param index="1">
              <value>
                <![CDATA["Login into gmail"]]>
              </value>
            </param>
          </params>
          <reporter-output>
          </reporter-output>
        </test-method> <!-- runScenario -->
        <test-method signature="runScenario(io.cucumber.testng.PickleWrapper,io.cucumber.testng.FeatureWrapper)[pri:0, instance:testRunner.Runner@121314f7]" started-at="2024-02-02T16:57:15 IST" name="runScenario" description="Runs Cucumber Scenarios" data-provider="scenarios" finished-at="2024-02-02T16:57:15 IST" duration-ms="4" status="PASS">
          <params>
            <param index="0">
              <value>
                <![CDATA["Login into gmail with valid credentials"]]>
              </value>
            </param>
            <param index="1">
              <value>
                <![CDATA["Login into gmail"]]>
              </value>
            </param>
          </params>
          <reporter-output>
          </reporter-output>
        </test-method> <!-- runScenario -->
        <test-method signature="runScenario(io.cucumber.testng.PickleWrapper,io.cucumber.testng.FeatureWrapper)[pri:0, instance:testRunner.Runner@121314f7]" started-at="2024-02-02T16:57:15 IST" name="runScenario" description="Runs Cucumber Scenarios" data-provider="scenarios" finished-at="2024-02-02T16:57:15 IST" duration-ms="6" status="PASS">
          <params>
            <param index="0">
              <value>
                <![CDATA["Login in to application with data"]]>
              </value>
            </param>
            <param index="1">
              <value>
                <![CDATA["Login with multiple elements"]]>
              </value>
            </param>
          </params>
          <reporter-output>
          </reporter-output>
        </test-method> <!-- runScenario -->
        <test-method signature="runScenario(io.cucumber.testng.PickleWrapper,io.cucumber.testng.FeatureWrapper)[pri:0, instance:testRunner.Runner@121314f7]" started-at="2024-02-02T16:57:15 IST" name="runScenario" description="Runs Cucumber Scenarios" data-provider="scenarios" finished-at="2024-02-02T16:57:15 IST" duration-ms="6" status="PASS">
          <params>
            <param index="0">
              <value>
                <![CDATA["Login in to application with data"]]>
              </value>
            </param>
            <param index="1">
              <value>
                <![CDATA["Login with multiple elements"]]>
              </value>
            </param>
          </params>
          <reporter-output>
          </reporter-output>
        </test-method> <!-- runScenario -->
        <test-method signature="runScenario(io.cucumber.testng.PickleWrapper,io.cucumber.testng.FeatureWrapper)[pri:0, instance:testRunner.Runner@121314f7]" started-at="2024-02-02T16:57:15 IST" name="runScenario" description="Runs Cucumber Scenarios" data-provider="scenarios" finished-at="2024-02-02T16:57:15 IST" duration-ms="5" status="PASS">
          <params>
            <param index="0">
              <value>
                <![CDATA["Login in to application with data"]]>
              </value>
            </param>
            <param index="1">
              <value>
                <![CDATA["Login with multiple elements"]]>
              </value>
            </param>
          </params>
          <reporter-output>
          </reporter-output>
        </test-method> <!-- runScenario -->
        <test-method signature="runScenario(io.cucumber.testng.PickleWrapper,io.cucumber.testng.FeatureWrapper)[pri:0, instance:testRunner.Runner@121314f7]" started-at="2024-02-02T16:57:15 IST" name="runScenario" description="Runs Cucumber Scenarios" data-provider="scenarios" finished-at="2024-02-02T16:57:15 IST" duration-ms="5" status="PASS">
          <params>
            <param index="0">
              <value>
                <![CDATA["Login in to application with data"]]>
              </value>
            </param>
            <param index="1">
              <value>
                <![CDATA["Login with multiple elements"]]>
              </value>
            </param>
          </params>
          <reporter-output>
          </reporter-output>
        </test-method> <!-- runScenario -->
        <test-method signature="runScenario(io.cucumber.testng.PickleWrapper,io.cucumber.testng.FeatureWrapper)[pri:0, instance:testRunner.Runner@121314f7]" started-at="2024-02-02T16:57:15 IST" name="runScenario" description="Runs Cucumber Scenarios" data-provider="scenarios" finished-at="2024-02-02T16:57:15 IST" duration-ms="4" status="PASS">
          <params>
            <param index="0">
              <value>
                <![CDATA["Login in to application with data"]]>
              </value>
            </param>
            <param index="1">
              <value>
                <![CDATA["Login with multiple elements"]]>
              </value>
            </param>
          </params>
          <reporter-output>
          </reporter-output>
        </test-method> <!-- runScenario -->
        <test-method signature="runScenario(io.cucumber.testng.PickleWrapper,io.cucumber.testng.FeatureWrapper)[pri:0, instance:testRunner.Runner@121314f7]" started-at="2024-02-02T16:57:15 IST" name="runScenario" description="Runs Cucumber Scenarios" data-provider="scenarios" finished-at="2024-02-02T16:57:15 IST" duration-ms="8" status="PASS">
          <params>
            <param index="0">
              <value>
                <![CDATA["register an account for user 1"]]>
              </value>
            </param>
            <param index="1">
              <value>
                <![CDATA["Register an account"]]>
              </value>
            </param>
          </params>
          <reporter-output>
          </reporter-output>
        </test-method> <!-- runScenario -->
        <test-method is-config="true" signature="tearDownClass()[pri:0, instance:testRunner.Runner@121314f7]" started-at="2024-02-02T16:57:15 IST" name="tearDownClass" finished-at="2024-02-02T16:57:15 IST" duration-ms="2" status="PASS">
          <reporter-output>
          </reporter-output>
        </test-method> <!-- tearDownClass -->
      </class> <!-- testRunner.Runner -->
    </test> <!-- Default test -->
  </suite> <!-- Default suite -->
</testng-results>
